{"level":"info","message":"Server running on port 5000","timestamp":"2025-06-22T13:13:45.217Z"}
{"level":"info","message":"GET /api/categories","timestamp":"2025-06-22T13:13:54.428Z"}
{"level":"info","message":"GET /api/products/featured","timestamp":"2025-06-22T13:13:54.432Z"}
{"level":"info","message":"GET /api/reviews","timestamp":"2025-06-22T13:13:54.433Z"}
{"level":"error","message":"Error initializing admin: Operation `users.findOne()` buffering timed out after 10000ms","stack":"MongooseError: Operation `users.findOne()` buffering timed out after 10000ms\n    at Timeout.<anonymous> (C:\\Users\\mayan\\Documents\\web-app\\catalogue-app-ohthanks\\backend\\node_modules\\mongoose\\lib\\drivers\\node-mongodb-native\\collection.js:187:23)\n    at listOnTimeout (node:internal/timers:588:17)\n    at process.processTimers (node:internal/timers:523:7)","timestamp":"2025-06-22T13:13:55.233Z"}
{"level":"info","message":"GET /api/categories","timestamp":"2025-06-22T13:14:00.058Z"}
{"level":"info","message":"GET /api/reviews","timestamp":"2025-06-22T13:14:00.061Z"}
{"level":"info","message":"GET /api/products/featured","timestamp":"2025-06-22T13:14:00.064Z"}
{"level":"info","message":"GET /api/categories","timestamp":"2025-06-22T13:14:10.069Z"}
{"level":"info","message":"GET /api/products","timestamp":"2025-06-22T13:14:11.269Z"}
{"cause":{"commonWireVersion":0,"compatible":true,"heartbeatFrequencyMS":10000,"localThresholdMS":15,"logicalSessionTimeoutMinutes":null,"maxElectionId":null,"maxSetVersion":null,"servers":{"mongo:27017":{"$clusterTime":null,"address":"mongo:27017","arbiters":[],"electionId":null,"error":{"beforeHandshake":false,"errorLabelSet":{}},"hosts":[],"iscryptd":false,"lastUpdateTime":7222303,"lastWriteDate":0,"logicalSessionTimeoutMinutes":null,"maxBsonObjectSize":null,"maxMessageSizeBytes":null,"maxWireVersion":0,"maxWriteBatchSize":null,"me":null,"minRoundTripTime":0,"minWireVersion":0,"passives":[],"primary":null,"roundTripTime":-1,"setName":null,"setVersion":null,"tags":{},"topologyVersion":null,"type":"Unknown"}},"setName":null,"stale":false,"type":"Unknown"},"errorLabelSet":{},"level":"error","message":"MongoDB connection error: getaddrinfo ENOTFOUND mongo","reason":{"commonWireVersion":0,"compatible":true,"heartbeatFrequencyMS":10000,"localThresholdMS":15,"logicalSessionTimeoutMinutes":null,"maxElectionId":null,"maxSetVersion":null,"servers":{"mongo:27017":{"$clusterTime":null,"address":"mongo:27017","arbiters":[],"electionId":null,"error":{"beforeHandshake":false,"errorLabelSet":{}},"hosts":[],"iscryptd":false,"lastUpdateTime":7222303,"lastWriteDate":0,"logicalSessionTimeoutMinutes":null,"maxBsonObjectSize":null,"maxMessageSizeBytes":null,"maxWireVersion":0,"maxWriteBatchSize":null,"me":null,"minRoundTripTime":0,"minWireVersion":0,"passives":[],"primary":null,"roundTripTime":-1,"setName":null,"setVersion":null,"tags":{},"topologyVersion":null,"type":"Unknown"}},"setName":null,"stale":false,"type":"Unknown"},"stack":"MongooseServerSelectionError: getaddrinfo ENOTFOUND mongo\n    at _handleConnectionErrors (C:\\Users\\mayan\\Documents\\web-app\\catalogue-app-ohthanks\\backend\\node_modules\\mongoose\\lib\\connection.js:1165:11)\n    at NativeConnection.openUri (C:\\Users\\mayan\\Documents\\web-app\\catalogue-app-ohthanks\\backend\\node_modules\\mongoose\\lib\\connection.js:1096:11)","timestamp":"2025-06-22T13:14:15.214Z"}
{"level":"info","message":"OPTIONS /api/auth/login","timestamp":"2025-06-22T13:14:25.196Z"}
{"level":"info","message":"GET /api/categories","timestamp":"2025-06-22T13:15:23.844Z"}
{"level":"info","message":"GET /api/products","timestamp":"2025-06-22T13:15:33.681Z"}
{"level":"info","message":"Server running on port 5000","timestamp":"2025-06-22T13:17:44.827Z"}
{"level":"info","message":"GET /api/categories","timestamp":"2025-06-22T13:17:47.004Z"}
{"level":"info","message":"GET /api/products","timestamp":"2025-06-22T13:17:47.007Z"}
{"level":"error","message":"Error initializing admin: Operation `users.findOne()` buffering timed out after 10000ms","stack":"MongooseError: Operation `users.findOne()` buffering timed out after 10000ms\n    at Timeout.<anonymous> (C:\\Users\\mayan\\Documents\\web-app\\catalogue-app-ohthanks\\backend\\node_modules\\mongoose\\lib\\drivers\\node-mongodb-native\\collection.js:187:23)\n    at listOnTimeout (node:internal/timers:588:17)\n    at process.processTimers (node:internal/timers:523:7)","timestamp":"2025-06-22T13:17:54.836Z"}
{"cause":{"commonWireVersion":0,"compatible":true,"heartbeatFrequencyMS":10000,"localThresholdMS":15,"logicalSessionTimeoutMinutes":null,"maxElectionId":null,"maxSetVersion":null,"servers":{"mongo:27017":{"$clusterTime":null,"address":"mongo:27017","arbiters":[],"electionId":null,"error":{"beforeHandshake":false,"errorLabelSet":{}},"hosts":[],"iscryptd":false,"lastUpdateTime":7462010,"lastWriteDate":0,"logicalSessionTimeoutMinutes":null,"maxBsonObjectSize":null,"maxMessageSizeBytes":null,"maxWireVersion":0,"maxWriteBatchSize":null,"me":null,"minRoundTripTime":0,"minWireVersion":0,"passives":[],"primary":null,"roundTripTime":-1,"setName":null,"setVersion":null,"tags":{},"topologyVersion":null,"type":"Unknown"}},"setName":null,"stale":false,"type":"Unknown"},"errorLabelSet":{},"level":"error","message":"MongoDB connection error: getaddrinfo ENOTFOUND mongo","reason":{"commonWireVersion":0,"compatible":true,"heartbeatFrequencyMS":10000,"localThresholdMS":15,"logicalSessionTimeoutMinutes":null,"maxElectionId":null,"maxSetVersion":null,"servers":{"mongo:27017":{"$clusterTime":null,"address":"mongo:27017","arbiters":[],"electionId":null,"error":{"beforeHandshake":false,"errorLabelSet":{}},"hosts":[],"iscryptd":false,"lastUpdateTime":7462010,"lastWriteDate":0,"logicalSessionTimeoutMinutes":null,"maxBsonObjectSize":null,"maxMessageSizeBytes":null,"maxWireVersion":0,"maxWriteBatchSize":null,"me":null,"minRoundTripTime":0,"minWireVersion":0,"passives":[],"primary":null,"roundTripTime":-1,"setName":null,"setVersion":null,"tags":{},"topologyVersion":null,"type":"Unknown"}},"setName":null,"stale":false,"type":"Unknown"},"stack":"MongooseServerSelectionError: getaddrinfo ENOTFOUND mongo\n    at _handleConnectionErrors (C:\\Users\\mayan\\Documents\\web-app\\catalogue-app-ohthanks\\backend\\node_modules\\mongoose\\lib\\connection.js:1165:11)\n    at NativeConnection.openUri (C:\\Users\\mayan\\Documents\\web-app\\catalogue-app-ohthanks\\backend\\node_modules\\mongoose\\lib\\connection.js:1096:11)","timestamp":"2025-06-22T13:18:14.828Z"}
{"level":"info","message":"GET /api/categories","timestamp":"2025-06-22T13:19:18.290Z"}
{"level":"info","message":"GET /api/products","timestamp":"2025-06-22T13:19:18.292Z"}
{"level":"info","message":"Server running on port 5000","timestamp":"2025-06-22T13:19:36.736Z"}
{"level":"error","message":"Error initializing admin: Operation `users.findOne()` buffering timed out after 10000ms","stack":"MongooseError: Operation `users.findOne()` buffering timed out after 10000ms\n    at Timeout.<anonymous> (C:\\Users\\mayan\\Documents\\web-app\\catalogue-app-ohthanks\\backend\\node_modules\\mongoose\\lib\\drivers\\node-mongodb-native\\collection.js:187:23)\n    at listOnTimeout (node:internal/timers:588:17)\n    at process.processTimers (node:internal/timers:523:7)","timestamp":"2025-06-22T13:19:46.747Z"}
{"level":"info","message":"GET /api/categories","timestamp":"2025-06-22T13:19:54.519Z"}
{"level":"info","message":"GET /api/products","timestamp":"2025-06-22T13:19:54.523Z"}
{"level":"info","message":"GET /api/categories","timestamp":"2025-06-22T13:19:55.687Z"}
{"level":"info","message":"GET /api/products","timestamp":"2025-06-22T13:19:55.689Z"}
{"level":"info","message":"GET /api/products/featured","timestamp":"2025-06-22T13:20:00.995Z"}
{"level":"info","message":"GET /api/reviews","timestamp":"2025-06-22T13:20:00.998Z"}
{"level":"info","message":"GET /api/categories","timestamp":"2025-06-22T13:20:05.703Z"}
{"cause":{"commonWireVersion":0,"compatible":true,"heartbeatFrequencyMS":10000,"localThresholdMS":15,"logicalSessionTimeoutMinutes":null,"maxElectionId":null,"maxSetVersion":null,"servers":{"mongo:27017":{"$clusterTime":null,"address":"mongo:27017","arbiters":[],"electionId":null,"error":{"beforeHandshake":false,"errorLabelSet":{}},"hosts":[],"iscryptd":false,"lastUpdateTime":7573866,"lastWriteDate":0,"logicalSessionTimeoutMinutes":null,"maxBsonObjectSize":null,"maxMessageSizeBytes":null,"maxWireVersion":0,"maxWriteBatchSize":null,"me":null,"minRoundTripTime":0,"minWireVersion":0,"passives":[],"primary":null,"roundTripTime":-1,"setName":null,"setVersion":null,"tags":{},"topologyVersion":null,"type":"Unknown"}},"setName":null,"stale":false,"type":"Unknown"},"errorLabelSet":{},"level":"error","message":"MongoDB connection error: getaddrinfo ENOTFOUND mongo","reason":{"commonWireVersion":0,"compatible":true,"heartbeatFrequencyMS":10000,"localThresholdMS":15,"logicalSessionTimeoutMinutes":null,"maxElectionId":null,"maxSetVersion":null,"servers":{"mongo:27017":{"$clusterTime":null,"address":"mongo:27017","arbiters":[],"electionId":null,"error":{"beforeHandshake":false,"errorLabelSet":{}},"hosts":[],"iscryptd":false,"lastUpdateTime":7573866,"lastWriteDate":0,"logicalSessionTimeoutMinutes":null,"maxBsonObjectSize":null,"maxMessageSizeBytes":null,"maxWireVersion":0,"maxWriteBatchSize":null,"me":null,"minRoundTripTime":0,"minWireVersion":0,"passives":[],"primary":null,"roundTripTime":-1,"setName":null,"setVersion":null,"tags":{},"topologyVersion":null,"type":"Unknown"}},"setName":null,"stale":false,"type":"Unknown"},"stack":"MongooseServerSelectionError: getaddrinfo ENOTFOUND mongo\n    at _handleConnectionErrors (C:\\Users\\mayan\\Documents\\web-app\\catalogue-app-ohthanks\\backend\\node_modules\\mongoose\\lib\\connection.js:1165:11)\n    at NativeConnection.openUri (C:\\Users\\mayan\\Documents\\web-app\\catalogue-app-ohthanks\\backend\\node_modules\\mongoose\\lib\\connection.js:1096:11)","timestamp":"2025-06-22T13:20:06.734Z"}
{"level":"info","message":"Waiting for MongoDB connection...","timestamp":"2025-06-22T13:28:32.064Z"}
{"level":"info","message":"Server running on port 5000","timestamp":"2025-06-22T13:28:32.070Z"}
{"level":"info","message":"MongoDB connected","timestamp":"2025-06-22T13:28:32.096Z"}
{"level":"info","message":"Admin account already exists","timestamp":"2025-06-22T13:28:32.138Z"}
{"level":"info","message":"GET /api/categories","timestamp":"2025-06-22T13:28:37.284Z"}
{"level":"info","message":"GET /api/products/featured","timestamp":"2025-06-22T13:28:37.289Z"}
{"level":"info","message":"GET /api/reviews","timestamp":"2025-06-22T13:28:37.291Z"}
{"level":"info","message":"GET /api/categories","timestamp":"2025-06-22T13:28:37.360Z"}
{"level":"info","message":"GET /api/categories","timestamp":"2025-06-22T13:29:47.737Z"}
{"level":"info","message":"GET /api/products/featured","timestamp":"2025-06-22T13:29:47.740Z"}
{"level":"info","message":"GET /api/reviews","timestamp":"2025-06-22T13:29:47.742Z"}
{"level":"info","message":"GET /api/categories","timestamp":"2025-06-22T13:29:47.748Z"}
{"level":"info","message":"GET /api/products","timestamp":"2025-06-22T13:29:52.330Z"}
{"level":"info","message":"GET /api/products/6854107a0f92980888284dae","timestamp":"2025-06-22T13:30:00.571Z"}
{"level":"info","message":"GET /api/categories","timestamp":"2025-06-22T13:33:59.425Z"}
{"level":"info","message":"GET /api/products","timestamp":"2025-06-22T13:33:59.426Z"}
{"level":"info","message":"GET /api/reviews","timestamp":"2025-06-22T13:34:02.613Z"}
{"level":"info","message":"GET /api/categories","timestamp":"2025-06-22T13:34:02.615Z"}
{"level":"info","message":"GET /api/products/featured","timestamp":"2025-06-22T13:34:02.619Z"}
{"level":"info","message":"POST /api/auth/login","timestamp":"2025-06-22T13:34:17.131Z"}
{"level":"info","message":"POST /api/auth/login","timestamp":"2025-06-22T13:34:22.562Z"}
{"level":"info","message":"GET /api/wishlist","timestamp":"2025-06-22T13:34:22.650Z"}
{"level":"info","message":"GET /api/cart","timestamp":"2025-06-22T13:34:22.657Z"}
{"level":"info","message":"GET /api/categories","timestamp":"2025-06-22T13:34:22.740Z"}
{"level":"info","message":"GET /api/products/featured","timestamp":"2025-06-22T13:34:22.742Z"}
{"level":"info","message":"GET /api/reviews","timestamp":"2025-06-22T13:34:22.743Z"}
{"level":"info","message":"GET /api/products","timestamp":"2025-06-22T13:34:25.683Z"}
{"level":"info","message":"GET /api/categories","timestamp":"2025-06-22T13:34:25.687Z"}
{"level":"info","message":"GET /api/products","timestamp":"2025-06-22T13:34:30.689Z"}
{"level":"info","message":"GET /api/users","timestamp":"2025-06-22T13:34:40.241Z"}
{"level":"info","message":"GET /api/inquiry","timestamp":"2025-06-22T13:34:41.010Z"}
{"level":"info","message":"GET /api/reviews/all","timestamp":"2025-06-22T13:34:41.919Z"}
{"level":"info","message":"GET /api/contacts","timestamp":"2025-06-22T13:34:42.699Z"}
{"level":"info","message":"GET /api/newsletter?page=1&limit=20&search=&status=all","timestamp":"2025-06-22T13:34:43.861Z"}
{"level":"info","message":"GET /api/newsletter/stats","timestamp":"2025-06-22T13:34:43.863Z"}
{"level":"info","message":"GET /api/legal/privacy-policy","timestamp":"2025-06-22T13:34:45.027Z"}
{"level":"info","message":"GET /api/products","timestamp":"2025-06-22T13:34:50.885Z"}
{"level":"info","message":"GET /api/categories","timestamp":"2025-06-22T13:36:50.970Z"}
{"level":"info","message":"GET /api/products","timestamp":"2025-06-22T13:36:50.974Z"}
{"level":"info","message":"GET /api/users/me","timestamp":"2025-06-22T13:36:50.981Z"}
{"level":"info","message":"GET /api/wishlist","timestamp":"2025-06-22T13:36:51.063Z"}
{"level":"info","message":"GET /api/cart","timestamp":"2025-06-22T13:36:51.066Z"}
{"level":"info","message":"GET /api/categories","timestamp":"2025-06-22T13:37:22.009Z"}
{"level":"info","message":"GET /api/products","timestamp":"2025-06-22T13:37:22.011Z"}
{"level":"info","message":"GET /api/users/me","timestamp":"2025-06-22T13:37:22.018Z"}
{"level":"info","message":"GET /api/wishlist","timestamp":"2025-06-22T13:37:22.112Z"}
{"level":"info","message":"GET /api/cart","timestamp":"2025-06-22T13:37:22.116Z"}
{"level":"info","message":"Waiting for MongoDB connection...","timestamp":"2025-06-22T13:38:51.727Z"}
{"level":"info","message":"Server running on port 5000","timestamp":"2025-06-22T13:38:51.735Z"}
{"level":"info","message":"MongoDB connected","timestamp":"2025-06-22T13:38:51.754Z"}
{"level":"info","message":"Admin account already exists","timestamp":"2025-06-22T13:38:51.785Z"}
{"level":"info","message":"GET /api/categories","timestamp":"2025-06-22T13:38:57.586Z"}
{"level":"info","message":"GET /api/products","timestamp":"2025-06-22T13:38:57.593Z"}
{"level":"info","message":"GET /api/images/uploads/1750350575783-IMG_20250321_222455_105%20(2).png","timestamp":"2025-06-22T13:38:57.645Z"}
{"level":"info","message":"Waiting for MongoDB connection...","timestamp":"2025-06-22T13:40:43.945Z"}
{"level":"info","message":"Server running on port 5000","timestamp":"2025-06-22T13:40:43.952Z"}
{"level":"info","message":"MongoDB connected","timestamp":"2025-06-22T13:40:43.969Z"}
{"level":"info","message":"Admin account already exists","timestamp":"2025-06-22T13:40:43.996Z"}
{"level":"info","message":"GET /api/categories","timestamp":"2025-06-22T13:40:47.074Z"}
{"level":"info","message":"GET /api/products","timestamp":"2025-06-22T13:40:47.079Z"}
{"level":"info","message":"GET /api/images/uploads/1750350575783-IMG_20250321_222455_105%20(2).png","timestamp":"2025-06-22T13:40:47.160Z"}
{"level":"info","message":"Waiting for MongoDB connection...","timestamp":"2025-06-22T13:41:59.137Z"}
{"level":"info","message":"Server running on port 5000","timestamp":"2025-06-22T13:41:59.144Z"}
{"level":"info","message":"MongoDB connected","timestamp":"2025-06-22T13:41:59.159Z"}
{"level":"info","message":"Admin account already exists","timestamp":"2025-06-22T13:41:59.183Z"}
{"level":"info","message":"GET /api/categories","timestamp":"2025-06-22T13:42:01.075Z"}
{"level":"info","message":"GET /api/products","timestamp":"2025-06-22T13:42:01.081Z"}
{"level":"info","message":"GET /api/images/uploads/1750350575783-IMG_20250321_222455_105%20(2).png","timestamp":"2025-06-22T13:42:01.172Z"}
{"level":"info","message":"GET /api/products","timestamp":"2025-06-22T13:42:34.305Z"}
{"level":"info","message":"Waiting for MongoDB connection...","timestamp":"2025-06-22T13:42:51.638Z"}
{"level":"info","message":"Server running on port 5000","timestamp":"2025-06-22T13:42:51.645Z"}
{"level":"info","message":"MongoDB connected","timestamp":"2025-06-22T13:42:51.659Z"}
{"level":"info","message":"Admin account already exists","timestamp":"2025-06-22T13:42:51.690Z"}
{"level":"info","message":"GET /api/categories","timestamp":"2025-06-22T13:42:53.346Z"}
{"level":"info","message":"GET /api/products","timestamp":"2025-06-22T13:42:53.352Z"}
{"level":"info","message":"GET /api/categories","timestamp":"2025-06-22T13:48:23.449Z"}
{"level":"info","message":"GET /api/products","timestamp":"2025-06-22T13:48:23.453Z"}
{"level":"info","message":"GET /api/categories","timestamp":"2025-06-22T13:49:04.081Z"}
{"level":"info","message":"GET /api/products","timestamp":"2025-06-22T13:49:04.083Z"}
{"level":"info","message":"Waiting for MongoDB connection...","timestamp":"2025-06-22T13:49:29.539Z"}
{"level":"info","message":"Server running on port 5000","timestamp":"2025-06-22T13:49:29.547Z"}
{"level":"info","message":"MongoDB connected","timestamp":"2025-06-22T13:49:29.564Z"}
{"level":"info","message":"Admin account already exists","timestamp":"2025-06-22T13:49:29.595Z"}
{"level":"info","message":"GET /api/categories","timestamp":"2025-06-22T13:49:31.410Z"}
{"level":"info","message":"GET /api/products","timestamp":"2025-06-22T13:49:31.418Z"}
{"level":"info","message":"GET /api/categories","timestamp":"2025-06-22T13:50:40.294Z"}
{"level":"info","message":"GET /api/products","timestamp":"2025-06-22T13:50:40.299Z"}
{"level":"info","message":"GET /api/categories","timestamp":"2025-06-22T13:50:50.275Z"}
{"level":"info","message":"GET /api/products","timestamp":"2025-06-22T13:50:50.277Z"}
{"level":"info","message":"Waiting for MongoDB connection...","timestamp":"2025-06-22T13:51:26.757Z"}
{"level":"info","message":"Server running on port 5000","timestamp":"2025-06-22T13:51:26.765Z"}
{"level":"info","message":"MongoDB connected","timestamp":"2025-06-22T13:51:26.786Z"}
{"level":"info","message":"Admin account already exists","timestamp":"2025-06-22T13:51:26.821Z"}
{"level":"info","message":"Waiting for MongoDB connection...","timestamp":"2025-06-22T13:51:31.808Z"}
{"level":"info","message":"Server running on port 5000","timestamp":"2025-06-22T13:51:31.814Z"}
{"level":"info","message":"MongoDB connected","timestamp":"2025-06-22T13:51:31.828Z"}
{"level":"info","message":"Admin account already exists","timestamp":"2025-06-22T13:51:31.855Z"}
{"level":"info","message":"GET /api/categories","timestamp":"2025-06-22T13:51:34.122Z"}
{"level":"info","message":"GET /api/products","timestamp":"2025-06-22T13:51:34.128Z"}
{"level":"info","message":"Waiting for MongoDB connection...","timestamp":"2025-06-22T13:52:11.433Z"}
{"level":"info","message":"Server running on port 5000","timestamp":"2025-06-22T13:52:11.442Z"}
{"level":"info","message":"MongoDB connected","timestamp":"2025-06-22T13:52:11.461Z"}
{"level":"info","message":"Admin account already exists","timestamp":"2025-06-22T13:52:11.493Z"}
{"level":"info","message":"Waiting for MongoDB connection...","timestamp":"2025-06-22T13:52:20.686Z"}
{"level":"info","message":"Server running on port 5000","timestamp":"2025-06-22T13:52:20.694Z"}
{"level":"info","message":"MongoDB connected","timestamp":"2025-06-22T13:52:20.709Z"}
{"level":"info","message":"Admin account already exists","timestamp":"2025-06-22T13:52:20.737Z"}
{"level":"info","message":"Waiting for MongoDB connection...","timestamp":"2025-06-22T13:52:27.942Z"}
{"level":"info","message":"Server running on port 5000","timestamp":"2025-06-22T13:52:27.949Z"}
{"level":"info","message":"MongoDB connected","timestamp":"2025-06-22T13:52:27.965Z"}
{"level":"info","message":"Admin account already exists","timestamp":"2025-06-22T13:52:27.993Z"}
{"level":"info","message":"GET /api/categories","timestamp":"2025-06-22T13:52:31.476Z"}
{"level":"info","message":"GET /api/products","timestamp":"2025-06-22T13:52:31.482Z"}
{"level":"info","message":"Waiting for MongoDB connection...","timestamp":"2025-06-22T13:52:56.407Z"}
{"level":"info","message":"Server running on port 5000","timestamp":"2025-06-22T13:52:56.414Z"}
{"level":"info","message":"MongoDB connected","timestamp":"2025-06-22T13:52:56.430Z"}
{"level":"info","message":"Admin account already exists","timestamp":"2025-06-22T13:52:56.457Z"}
{"level":"info","message":"Waiting for MongoDB connection...","timestamp":"2025-06-22T13:53:18.050Z"}
{"level":"info","message":"Server running on port 5000","timestamp":"2025-06-22T13:53:18.059Z"}
{"level":"info","message":"MongoDB connected","timestamp":"2025-06-22T13:53:18.081Z"}
{"level":"info","message":"Admin account already exists","timestamp":"2025-06-22T13:53:18.134Z"}
{"level":"info","message":"GET /api/categories","timestamp":"2025-06-22T13:53:20.021Z"}
{"level":"info","message":"GET /api/products","timestamp":"2025-06-22T13:53:20.028Z"}
{"level":"info","message":"Waiting for MongoDB connection...","timestamp":"2025-06-22T13:54:09.610Z"}
{"level":"info","message":"Server running on port 5000","timestamp":"2025-06-22T13:54:09.620Z"}
{"level":"info","message":"MongoDB connected","timestamp":"2025-06-22T13:54:09.642Z"}
{"level":"info","message":"Admin account already exists","timestamp":"2025-06-22T13:54:09.675Z"}
{"level":"info","message":"Waiting for MongoDB connection...","timestamp":"2025-06-22T13:54:15.213Z"}
{"level":"info","message":"Server running on port 5000","timestamp":"2025-06-22T13:54:15.220Z"}
{"level":"info","message":"MongoDB connected","timestamp":"2025-06-22T13:54:15.235Z"}
{"level":"info","message":"Admin account already exists","timestamp":"2025-06-22T13:54:15.274Z"}
{"level":"info","message":"Waiting for MongoDB connection...","timestamp":"2025-06-22T13:54:22.934Z"}
{"level":"info","message":"Server running on port 5000","timestamp":"2025-06-22T13:54:22.941Z"}
{"level":"info","message":"MongoDB connected","timestamp":"2025-06-22T13:54:22.957Z"}
{"level":"info","message":"Admin account already exists","timestamp":"2025-06-22T13:54:22.983Z"}
{"level":"info","message":"GET /api/categories","timestamp":"2025-06-22T13:54:24.306Z"}
{"level":"info","message":"GET /api/products","timestamp":"2025-06-22T13:54:24.313Z"}
{"level":"info","message":"Waiting for MongoDB connection...","timestamp":"2025-06-22T13:55:20.789Z"}
{"level":"info","message":"Server running on port 5000","timestamp":"2025-06-22T13:55:20.797Z"}
{"level":"info","message":"MongoDB connected","timestamp":"2025-06-22T13:55:20.814Z"}
{"level":"info","message":"Admin account already exists","timestamp":"2025-06-22T13:55:20.839Z"}
{"level":"info","message":"Waiting for MongoDB connection...","timestamp":"2025-06-22T13:55:41.294Z"}
{"level":"info","message":"Server running on port 5000","timestamp":"2025-06-22T13:55:41.301Z"}
{"level":"info","message":"MongoDB connected","timestamp":"2025-06-22T13:55:41.315Z"}
{"level":"info","message":"Admin account already exists","timestamp":"2025-06-22T13:55:41.338Z"}
{"level":"info","message":"GET /api/categories","timestamp":"2025-06-22T13:55:55.084Z"}
{"level":"info","message":"GET /api/products","timestamp":"2025-06-22T13:55:55.089Z"}
{"level":"info","message":"Waiting for MongoDB connection...","timestamp":"2025-06-22T13:56:15.874Z"}
{"level":"info","message":"Server running on port 5000","timestamp":"2025-06-22T13:56:15.881Z"}
{"level":"info","message":"MongoDB connected","timestamp":"2025-06-22T13:56:15.896Z"}
{"level":"info","message":"Admin account already exists","timestamp":"2025-06-22T13:56:15.921Z"}
{"level":"info","message":"GET /api/categories","timestamp":"2025-06-22T13:56:17.796Z"}
{"level":"info","message":"GET /api/products","timestamp":"2025-06-22T13:56:17.800Z"}
{"level":"info","message":"GET /api/categories","timestamp":"2025-06-22T13:57:01.530Z"}
{"level":"info","message":"GET /api/products","timestamp":"2025-06-22T13:57:01.532Z"}
{"level":"info","message":"GET /api/categories","timestamp":"2025-06-22T13:57:03.413Z"}
{"level":"info","message":"GET /api/products","timestamp":"2025-06-22T13:57:03.415Z"}
{"level":"info","message":"Waiting for MongoDB connection...","timestamp":"2025-06-22T13:57:38.807Z"}
{"level":"info","message":"Server running on port 5000","timestamp":"2025-06-22T13:57:38.814Z"}
{"level":"info","message":"MongoDB connected","timestamp":"2025-06-22T13:57:38.830Z"}
{"level":"info","message":"Admin account already exists","timestamp":"2025-06-22T13:57:38.856Z"}
{"level":"info","message":"Waiting for MongoDB connection...","timestamp":"2025-06-22T13:57:59.538Z"}
{"level":"info","message":"Server running on port 5000","timestamp":"2025-06-22T13:57:59.545Z"}
{"level":"info","message":"MongoDB connected","timestamp":"2025-06-22T13:57:59.559Z"}
{"level":"info","message":"Admin account already exists","timestamp":"2025-06-22T13:57:59.584Z"}
{"level":"info","message":"GET /api/categories","timestamp":"2025-06-22T13:58:01.057Z"}
{"level":"info","message":"GET /api/products","timestamp":"2025-06-22T13:58:01.061Z"}
{"level":"info","message":"GET /api/products/6854107a0f92980888284dae","timestamp":"2025-06-22T13:58:10.687Z"}
{"level":"info","message":"GET /api/products","timestamp":"2025-06-22T13:58:21.771Z"}
{"level":"info","message":"GET /api/categories","timestamp":"2025-06-22T13:58:23.769Z"}
{"level":"info","message":"GET /api/products/featured","timestamp":"2025-06-22T13:58:23.771Z"}
{"level":"info","message":"GET /api/reviews","timestamp":"2025-06-22T13:58:23.775Z"}
{"level":"info","message":"POST /api/auth/login","timestamp":"2025-06-22T13:58:35.573Z"}
{"level":"info","message":"GET /api/wishlist","timestamp":"2025-06-22T13:58:35.741Z"}
{"level":"info","message":"GET /api/cart","timestamp":"2025-06-22T13:58:35.745Z"}
{"level":"info","message":"GET /api/categories","timestamp":"2025-06-22T13:58:35.754Z"}
{"level":"info","message":"GET /api/products/featured","timestamp":"2025-06-22T13:58:35.756Z"}
{"level":"info","message":"GET /api/reviews","timestamp":"2025-06-22T13:58:35.757Z"}
{"level":"info","message":"GET /api/products","timestamp":"2025-06-22T13:58:37.638Z"}
{"level":"info","message":"GET /api/categories","timestamp":"2025-06-22T13:58:37.641Z"}
{"level":"info","message":"GET /api/users","timestamp":"2025-06-22T13:58:44.027Z"}
{"level":"info","message":"GET /api/reviews/all","timestamp":"2025-06-22T13:58:45.371Z"}
{"level":"info","message":"GET /api/contacts","timestamp":"2025-06-22T13:58:46.666Z"}
{"level":"info","message":"GET /api/newsletter?page=1&limit=20&search=&status=all","timestamp":"2025-06-22T13:58:48.337Z"}
{"level":"info","message":"GET /api/newsletter/stats","timestamp":"2025-06-22T13:58:48.341Z"}
{"level":"info","message":"GET /api/legal/privacy-policy","timestamp":"2025-06-22T13:58:49.383Z"}
{"level":"info","message":"GET /api/inquiry","timestamp":"2025-06-22T13:58:51.503Z"}
{"level":"info","message":"GET /api/reviews/all","timestamp":"2025-06-22T13:58:53.172Z"}
{"level":"info","message":"GET /api/users","timestamp":"2025-06-22T13:58:55.014Z"}
{"level":"info","message":"GET /api/inquiry","timestamp":"2025-06-22T13:59:00.064Z"}
{"level":"info","message":"GET /api/users","timestamp":"2025-06-22T13:59:27.597Z"}
{"level":"info","message":"GET /api/reviews/all","timestamp":"2025-06-22T13:59:37.688Z"}
{"level":"info","message":"GET /api/contacts","timestamp":"2025-06-22T13:59:38.811Z"}
{"level":"info","message":"GET /api/products","timestamp":"2025-06-22T13:59:41.588Z"}
{"level":"info","message":"PATCH /api/products/6854107a0f92980888284dae","timestamp":"2025-06-22T13:59:49.513Z"}
{"level":"info","message":"GET /api/products","timestamp":"2025-06-22T13:59:49.532Z"}
{"level":"info","message":"PATCH /api/products/6854107a0f92980888284dae","timestamp":"2025-06-22T14:00:52.596Z"}
{"level":"info","message":"GET /api/products","timestamp":"2025-06-22T14:00:52.639Z"}
{"level":"info","message":"GET /api/products/6854107a0f92980888284dae","timestamp":"2025-06-22T14:00:55.609Z"}
{"level":"info","message":"GET /api/categories","timestamp":"2025-06-22T14:00:58.108Z"}
{"level":"info","message":"GET /api/products/featured","timestamp":"2025-06-22T14:00:58.110Z"}
{"level":"info","message":"GET /api/reviews","timestamp":"2025-06-22T14:00:58.112Z"}
{"level":"info","message":"GET /api/categories","timestamp":"2025-06-22T14:01:02.323Z"}
{"level":"info","message":"GET /api/products/featured","timestamp":"2025-06-22T14:01:02.325Z"}
{"level":"info","message":"GET /api/reviews","timestamp":"2025-06-22T14:01:02.326Z"}
{"level":"info","message":"GET /api/users/me","timestamp":"2025-06-22T14:01:02.330Z"}
{"level":"info","message":"GET /api/categories","timestamp":"2025-06-22T14:01:02.332Z"}
{"level":"info","message":"GET /api/wishlist","timestamp":"2025-06-22T14:01:02.649Z"}
{"level":"info","message":"GET /api/cart","timestamp":"2025-06-22T14:01:02.652Z"}
{"level":"info","message":"GET /api/categories","timestamp":"2025-06-22T14:01:10.736Z"}
{"level":"info","message":"GET /api/products/featured","timestamp":"2025-06-22T14:01:10.744Z"}
{"level":"info","message":"GET /api/reviews","timestamp":"2025-06-22T14:01:10.748Z"}
{"level":"info","message":"GET /api/users/me","timestamp":"2025-06-22T14:01:10.757Z"}
{"level":"info","message":"GET /api/categories","timestamp":"2025-06-22T14:01:10.766Z"}
{"level":"info","message":"GET /api/wishlist","timestamp":"2025-06-22T14:01:11.040Z"}
{"level":"info","message":"GET /api/cart","timestamp":"2025-06-22T14:01:11.043Z"}
{"level":"info","message":"GET /api/products","timestamp":"2025-06-22T14:01:16.962Z"}
{"level":"info","message":"POST /api/cart/6854107a0f92980888284dae","timestamp":"2025-06-22T14:01:27.584Z"}
{"level":"info","message":"GET /api/cart","timestamp":"2025-06-22T14:01:27.657Z"}
{"level":"info","message":"DELETE /api/cart/6854107a0f92980888284dae","timestamp":"2025-06-22T14:01:30.196Z"}
{"level":"info","message":"GET /api/cart","timestamp":"2025-06-22T14:01:30.207Z"}
{"level":"info","message":"DELETE /api/wishlist/6854107a0f92980888284dae","timestamp":"2025-06-22T14:01:34.850Z"}
{"level":"info","message":"GET /api/wishlist","timestamp":"2025-06-22T14:01:34.862Z"}
{"level":"info","message":"Waiting for MongoDB connection...","timestamp":"2025-06-22T14:07:15.908Z"}
{"level":"info","message":"Server running on port 5000","timestamp":"2025-06-22T14:07:15.915Z"}
{"level":"info","message":"MongoDB connected","timestamp":"2025-06-22T14:07:15.930Z"}
{"level":"info","message":"Admin account already exists","timestamp":"2025-06-22T14:07:15.955Z"}
{"level":"info","message":"GET /api/categories","timestamp":"2025-06-22T14:10:51.760Z"}
{"level":"info","message":"GET /api/products/featured","timestamp":"2025-06-22T14:10:51.769Z"}
{"level":"info","message":"GET /api/reviews","timestamp":"2025-06-22T14:10:51.773Z"}
{"level":"info","message":"GET /api/users/me","timestamp":"2025-06-22T14:10:51.788Z"}
{"level":"info","message":"GET /api/categories","timestamp":"2025-06-22T14:10:51.796Z"}
{"level":"info","message":"GET /api/wishlist","timestamp":"2025-06-22T14:10:52.053Z"}
{"level":"info","message":"GET /api/cart","timestamp":"2025-06-22T14:10:52.057Z"}
{"level":"info","message":"GET /api/categories","timestamp":"2025-06-22T14:11:40.708Z"}
{"level":"info","message":"GET /api/products/featured","timestamp":"2025-06-22T14:11:40.712Z"}
{"level":"info","message":"GET /api/reviews","timestamp":"2025-06-22T14:11:40.715Z"}
{"level":"info","message":"GET /api/users/me","timestamp":"2025-06-22T14:11:40.724Z"}
{"level":"info","message":"GET /api/categories","timestamp":"2025-06-22T14:11:40.737Z"}
{"level":"info","message":"GET /api/wishlist","timestamp":"2025-06-22T14:11:41.106Z"}
{"level":"info","message":"GET /api/cart","timestamp":"2025-06-22T14:11:41.108Z"}
{"level":"info","message":"GET /api/categories","timestamp":"2025-06-22T14:11:53.411Z"}
{"level":"info","message":"Waiting for MongoDB connection...","timestamp":"2025-06-22T19:16:11.147Z"}
{"level":"info","message":"Server running on port 5000","timestamp":"2025-06-22T19:16:11.160Z"}
{"level":"warn","message":"MongoDB disconnected","timestamp":"2025-06-22T19:16:16.147Z"}
{"level":"info","message":"Waiting for MongoDB connection...","timestamp":"2025-06-22T19:16:18.703Z"}
{"level":"info","message":"Server running on port 5000","timestamp":"2025-06-22T19:16:18.718Z"}
{"level":"warn","message":"MongoDB disconnected","timestamp":"2025-06-22T19:16:23.704Z"}
{"level":"info","message":"Waiting for MongoDB connection...","timestamp":"2025-06-22T19:16:26.263Z"}
{"level":"info","message":"Server running on port 5000","timestamp":"2025-06-22T19:16:26.276Z"}
{"level":"warn","message":"MongoDB disconnected","timestamp":"2025-06-22T19:16:31.264Z"}
{"level":"info","message":"Waiting for MongoDB connection...","timestamp":"2025-06-22T19:16:33.738Z"}
{"level":"info","message":"Server running on port 5000","timestamp":"2025-06-22T19:16:33.758Z"}
{"level":"warn","message":"MongoDB disconnected","timestamp":"2025-06-22T19:16:38.739Z"}
{"level":"info","message":"Waiting for MongoDB connection...","timestamp":"2025-06-22T19:16:41.707Z"}
{"level":"info","message":"Server running on port 5000","timestamp":"2025-06-22T19:16:41.720Z"}
{"level":"warn","message":"MongoDB disconnected","timestamp":"2025-06-22T19:16:46.708Z"}
{"level":"info","message":"Waiting for MongoDB connection...","timestamp":"2025-06-22T19:16:50.460Z"}
{"level":"info","message":"Server running on port 5000","timestamp":"2025-06-22T19:16:50.477Z"}
{"level":"warn","message":"MongoDB disconnected","timestamp":"2025-06-22T19:16:55.462Z"}
{"level":"info","message":"Waiting for MongoDB connection...","timestamp":"2025-06-22T19:17:00.877Z"}
{"level":"info","message":"Server running on port 5000","timestamp":"2025-06-22T19:17:00.891Z"}
{"level":"warn","message":"MongoDB disconnected","timestamp":"2025-06-22T19:17:05.878Z"}
{"level":"info","message":"Waiting for MongoDB connection...","timestamp":"2025-06-22T19:17:14.450Z"}
{"level":"info","message":"Server running on port 5000","timestamp":"2025-06-22T19:17:14.468Z"}
{"level":"warn","message":"MongoDB disconnected","timestamp":"2025-06-22T19:17:19.447Z"}
{"level":"info","message":"Waiting for MongoDB connection...","timestamp":"2025-06-22T19:17:34.806Z"}
{"level":"info","message":"Server running on port 5000","timestamp":"2025-06-22T19:17:34.828Z"}
{"level":"warn","message":"MongoDB disconnected","timestamp":"2025-06-22T19:17:39.807Z"}
{"level":"info","message":"Waiting for MongoDB connection...","timestamp":"2025-06-22T19:18:07.650Z"}
{"level":"info","message":"Server running on port 5000","timestamp":"2025-06-22T19:18:07.666Z"}
{"level":"warn","message":"MongoDB disconnected","timestamp":"2025-06-22T19:18:12.653Z"}
{"level":"info","message":"Waiting for MongoDB connection...","timestamp":"2025-06-22T19:19:38.929Z"}
{"level":"info","message":"Server running on port 5000","timestamp":"2025-06-22T19:19:38.949Z"}
{"level":"info","message":"MongoDB connected","timestamp":"2025-06-22T19:19:38.990Z"}
{"level":"info","message":"Admin account created successfully","timestamp":"2025-06-22T19:19:39.329Z"}
{"level":"info","message":"GET /api/categories","timestamp":"2025-06-22T19:19:52.827Z"}
{"level":"info","message":"GET /api/products/featured","timestamp":"2025-06-22T19:19:52.849Z"}
{"level":"info","message":"GET /api/reviews","timestamp":"2025-06-22T19:19:52.866Z"}
{"level":"info","message":"GET /api/categories","timestamp":"2025-06-22T19:19:52.898Z"}
{"level":"info","message":"GET /api/products","timestamp":"2025-06-22T19:20:40.445Z"}
{"level":"info","message":"Waiting for MongoDB connection...","timestamp":"2025-06-22T19:22:28.037Z"}
{"level":"info","message":"Server running on port 5000","timestamp":"2025-06-22T19:22:28.054Z"}
{"level":"info","message":"MongoDB connected","timestamp":"2025-06-22T19:22:28.101Z"}
{"level":"info","message":"Admin account already exists","timestamp":"2025-06-22T19:22:28.221Z"}
{"level":"info","message":"GET /api/categories","timestamp":"2025-06-22T19:22:39.305Z"}
{"level":"info","message":"GET /api/products","timestamp":"2025-06-22T19:22:39.320Z"}
{"level":"info","message":"GET /api/categories","timestamp":"2025-06-22T19:22:48.855Z"}
{"level":"info","message":"GET /api/products/featured","timestamp":"2025-06-22T19:22:48.861Z"}
{"level":"info","message":"GET /api/reviews","timestamp":"2025-06-22T19:22:48.919Z"}
{"level":"info","message":"POST /api/auth/login","timestamp":"2025-06-22T19:23:11.819Z"}
{"level":"info","message":"GET /api/wishlist","timestamp":"2025-06-22T19:23:12.199Z"}
{"level":"info","message":"GET /api/cart","timestamp":"2025-06-22T19:23:12.214Z"}
{"level":"info","message":"GET /api/categories","timestamp":"2025-06-22T19:23:12.302Z"}
{"level":"info","message":"GET /api/products/featured","timestamp":"2025-06-22T19:23:12.307Z"}
{"level":"info","message":"GET /api/reviews","timestamp":"2025-06-22T19:23:12.317Z"}
{"level":"info","message":"GET /api/products","timestamp":"2025-06-22T19:23:19.004Z"}
{"level":"info","message":"GET /api/categories","timestamp":"2025-06-22T19:23:19.014Z"}
{"level":"info","message":"POST /api/categories","timestamp":"2025-06-22T19:23:35.303Z"}
{"level":"info","message":"GET /api/categories","timestamp":"2025-06-22T19:23:35.344Z"}
{"level":"info","message":"GET /api/products","timestamp":"2025-06-22T19:23:37.571Z"}
{"level":"info","message":"POST /api/products","timestamp":"2025-06-22T19:24:38.168Z"}
{"level":"error","message":"File too large - MulterError: File too large\n    at abortWithCode (/app/node_modules/multer/lib/make-middleware.js:85:22)\n    at FileStream.<anonymous> (/app/node_modules/multer/lib/make-middleware.js:150:11)\n    at FileStream.emit (node:events:517:28)\n    at SBMH.ssCb [as _cb] (/app/node_modules/busboy/lib/types/multipart.js:479:32)\n    at feed (/app/node_modules/streamsearch/lib/sbmh.js:219:14)\n    at SBMH.push (/app/node_modules/streamsearch/lib/sbmh.js:104:16)\n    at Multipart._write (/app/node_modules/busboy/lib/types/multipart.js:567:19)\n    at writeOrBuffer (node:internal/streams/writable:392:12)\n    at _write (node:internal/streams/writable:333:10)\n    at Writable.write (node:internal/streams/writable:337:10)","timestamp":"2025-06-22T19:24:38.561Z"}
{"level":"info","message":"POST /api/products","timestamp":"2025-06-22T19:26:10.941Z"}
{"level":"info","message":"GET /api/products","timestamp":"2025-06-22T19:26:11.199Z"}
{"level":"info","message":"GET /api/products/685858d3e615cdb3cc583ad3","timestamp":"2025-06-22T19:26:14.884Z"}
{"level":"info","message":"POST /api/cart/685858d3e615cdb3cc583ad3","timestamp":"2025-06-22T19:26:25.572Z"}
{"level":"info","message":"GET /api/cart","timestamp":"2025-06-22T19:26:25.617Z"}
{"level":"info","message":"POST /api/wishlist/685858d3e615cdb3cc583ad3","timestamp":"2025-06-22T19:26:29.586Z"}
{"level":"info","message":"GET /api/wishlist","timestamp":"2025-06-22T19:26:29.625Z"}
{"level":"info","message":"POST /api/cart/685858d3e615cdb3cc583ad3","timestamp":"2025-06-22T19:26:41.012Z"}
{"level":"info","message":"DELETE /api/cart/685858d3e615cdb3cc583ad3","timestamp":"2025-06-22T19:26:50.552Z"}
{"level":"info","message":"GET /api/cart","timestamp":"2025-06-22T19:26:50.583Z"}
{"level":"info","message":"DELETE /api/wishlist/685858d3e615cdb3cc583ad3","timestamp":"2025-06-22T19:26:55.293Z"}
{"level":"info","message":"GET /api/wishlist","timestamp":"2025-06-22T19:26:55.326Z"}
{"level":"info","message":"GET /api/products","timestamp":"2025-06-22T19:27:02.079Z"}
{"level":"info","message":"GET /api/categories","timestamp":"2025-06-22T19:27:04.192Z"}
{"level":"info","message":"GET /api/products/featured","timestamp":"2025-06-22T19:27:04.210Z"}
{"level":"info","message":"GET /api/reviews","timestamp":"2025-06-22T19:27:04.215Z"}
{"level":"info","message":"GET /api/categories","timestamp":"2025-06-22T19:28:36.861Z"}
{"level":"info","message":"GET /api/users/me","timestamp":"2025-06-22T19:28:36.873Z"}
{"level":"info","message":"GET /api/categories","timestamp":"2025-06-22T19:28:36.881Z"}
{"level":"info","message":"GET /api/wishlist","timestamp":"2025-06-22T19:28:37.058Z"}
{"level":"info","message":"GET /api/cart","timestamp":"2025-06-22T19:28:37.065Z"}
{"level":"info","message":"GET /api/categories","timestamp":"2025-06-22T19:30:21.944Z"}
{"level":"info","message":"GET /api/products/featured","timestamp":"2025-06-22T19:30:21.948Z"}
{"level":"info","message":"GET /api/reviews","timestamp":"2025-06-22T19:30:21.951Z"}
{"level":"info","message":"GET /api/categories","timestamp":"2025-06-22T19:33:33.294Z"}
{"level":"info","message":"GET /api/users/me","timestamp":"2025-06-22T19:33:33.302Z"}
{"level":"info","message":"GET /api/wishlist","timestamp":"2025-06-22T19:33:34.146Z"}
{"level":"info","message":"GET /api/cart","timestamp":"2025-06-22T19:33:34.151Z"}
{"level":"info","message":"Waiting for MongoDB connection...","timestamp":"2025-06-22T20:11:01.852Z"}
{"level":"info","message":"Server running on port 5000","timestamp":"2025-06-22T20:11:01.867Z"}
{"level":"info","message":"MongoDB connected","timestamp":"2025-06-22T20:11:01.901Z"}
{"level":"info","message":"Admin account already exists","timestamp":"2025-06-22T20:11:01.981Z"}
{"level":"info","message":"Waiting for MongoDB connection...","timestamp":"2025-06-22T20:13:59.498Z"}
{"level":"info","message":"Server running on port 5000","timestamp":"2025-06-22T20:13:59.512Z"}
{"level":"info","message":"MongoDB connected","timestamp":"2025-06-22T20:13:59.547Z"}
{"level":"info","message":"Admin account already exists","timestamp":"2025-06-22T20:13:59.626Z"}
{"level":"warn","message":"MongoDB disconnected","timestamp":"2025-06-22T20:16:07.847Z"}
{"level":"info","message":"Waiting for MongoDB connection...","timestamp":"2025-06-22T20:16:24.854Z"}
{"level":"info","message":"Server running on port 5000","timestamp":"2025-06-22T20:16:24.873Z"}
{"level":"info","message":"MongoDB connected","timestamp":"2025-06-22T20:16:24.917Z"}
{"level":"info","message":"Admin account already exists","timestamp":"2025-06-22T20:16:25.018Z"}
{"level":"warn","message":"MongoDB disconnected","timestamp":"2025-06-22T20:22:57.242Z"}
{"level":"info","message":"Waiting for MongoDB connection...","timestamp":"2025-06-22T20:23:17.930Z"}
{"level":"info","message":"Server running on port 5000","timestamp":"2025-06-22T20:23:17.947Z"}
{"level":"info","message":"MongoDB connected","timestamp":"2025-06-22T20:23:17.986Z"}
{"level":"info","message":"Admin account already exists","timestamp":"2025-06-22T20:23:18.076Z"}
